<?xml version="1.0" encoding="utf-8"?>
<test-run id="2" testcasecount="4" result="Passed" total="4" passed="4" failed="0" inconclusive="0" skipped="0" asserts="0" engine-version="3.5.0.0" clr-version="4.0.30319.42000" start-time="2026-07-20 00:52:52Z" end-time="2026-07-20 00:52:52Z" duration="0,1571838">
  <test-suite type="TestSuite" id="1000" name="com.unity.template.urp-blank" fullname="com.unity.template.urp-blank" runstate="Runnable" testcasecount="4" result="Passed" start-time="2026-07-20 00:52:52Z" end-time="2026-07-20 00:52:52Z" duration="0.157184" total="4" passed="4" failed="0" inconclusive="0" skipped="0" asserts="0">
    <properties>
      <property name="platform" value="EditMode" />
    </properties>
    <test-suite type="Assembly" id="1006" name="SceneReader.Tests.Editor.dll" fullname="C:/personnel/claude/scenereader/unity_template/Library/ScriptAssemblies/SceneReader.Tests.Editor.dll" runstate="Runnable" testcasecount="4" result="Passed" start-time="2026-07-20 00:52:52Z" end-time="2026-07-20 00:52:52Z" duration="0.141732" total="4" passed="4" failed="0" inconclusive="0" skipped="0" asserts="0">
      <properties>
        <property name="_PID" value="41180" />
        <property name="_APPDOMAIN" value="Unity Child Domain" />
        <property name="platform" value="EditMode" />
        <property name="EditorOnly" value="True" />
      </properties>
      <test-suite type="TestSuite" id="1007" name="SceneReader" fullname="SceneReader" runstate="Runnable" testcasecount="4" result="Passed" start-time="2026-07-20 00:52:52Z" end-time="2026-07-20 00:52:52Z" duration="0.140614" total="4" passed="4" failed="0" inconclusive="0" skipped="0" asserts="0">
        <properties />
        <test-suite type="TestSuite" id="1008" name="Tests" fullname="SceneReader.Tests" runstate="Runnable" testcasecount="4" result="Passed" start-time="2026-07-20 00:52:52Z" end-time="2026-07-20 00:52:52Z" duration="0.140174" total="4" passed="4" failed="0" inconclusive="0" skipped="0" asserts="0">
          <properties />
          <test-suite type="TestSuite" id="1009" name="Editor" fullname="SceneReader.Tests.Editor" runstate="Runnable" testcasecount="4" result="Passed" start-time="2026-07-20 00:52:52Z" end-time="2026-07-20 00:52:52Z" duration="0.139715" total="4" passed="4" failed="0" inconclusive="0" skipped="0" asserts="0">
            <properties />
            <test-suite type="TestFixture" id="1001" name="HistoireDemoTests" fullname="SceneReader.Tests.Editor.HistoireDemoTests" classname="SceneReader.Tests.Editor.HistoireDemoTests" runstate="Runnable" testcasecount="4" result="Passed" start-time="2026-07-20 00:52:52Z" end-time="2026-07-20 00:52:52Z" duration="0.137073" total="4" passed="4" failed="0" inconclusive="0" skipped="0" asserts="0">
              <properties />
              <test-case id="1004" name="ChoixAvecConditionFausseEstMasque" fullname="SceneReader.Tests.Editor.HistoireDemoTests.ChoixAvecConditionFausseEstMasque" methodname="ChoixAvecConditionFausseEstMasque" classname="SceneReader.Tests.Editor.HistoireDemoTests" runstate="Runnable" seed="1654596133" result="Passed" start-time="2026-07-20 00:52:52Z" end-time="2026-07-20 00:52:52Z" duration="0.053280" asserts="0">
                <properties>
                  <property name="retryIteration" value="0" />
                  <property name="repeatIteration" value="0" />
                </properties>
              </test-case>
              <test-case id="1003" name="ChoixModifieVariableEtSceneUlterieureEnTientCompte" fullname="SceneReader.Tests.Editor.HistoireDemoTests.ChoixModifieVariableEtSceneUlterieureEnTientCompte" methodname="ChoixModifieVariableEtSceneUlterieureEnTientCompte" classname="SceneReader.Tests.Editor.HistoireDemoTests" runstate="Runnable" seed="1592334004" result="Passed" start-time="2026-07-20 00:52:52Z" end-time="2026-07-20 00:52:52Z" duration="0.007974" asserts="0">
                <properties>
                  <property name="retryIteration" value="0" />
                  <property name="repeatIteration" value="0" />
                </properties>
              </test-case>
              <test-case id="1002" name="HistoireSeChargeSansErreur" fullname="SceneReader.Tests.Editor.HistoireDemoTests.HistoireSeChargeSansErreur" methodname="HistoireSeChargeSansErreur" classname="SceneReader.Tests.Editor.HistoireDemoTests" runstate="Runnable" seed="781067746" result="Passed" start-time="2026-07-20 00:52:52Z" end-time="2026-07-20 00:52:52Z" duration="0.003378" asserts="0">
                <properties>
                  <property name="retryIteration" value="0" />
                  <property name="repeatIteration" value="0" />
                </properties>
              </test-case>
              <test-case id="1005" name="SauvegarderQuitterRechargerRepredExactementOuOnEtait" fullname="SceneReader.Tests.Editor.HistoireDemoTests.SauvegarderQuitterRechargerRepredExactementOuOnEtait" methodname="SauvegarderQuitterRechargerRepredExactementOuOnEtait" classname="SceneReader.Tests.Editor.HistoireDemoTests" runstate="Runnable" seed="105612660" result="Passed" start-time="2026-07-20 00:52:52Z" end-time="2026-07-20 00:52:52Z" duration="0.045093" asserts="0">
                <properties>
                  <property name="retryIteration" value="0" />
                  <property name="repeatIteration" value="0" />
                </properties>
                <output><![CDATA[Saving results to: C:/Users/fabie/AppData/LocalLow/Unity Technologies/com_unity_template_urp-blank\TestResults.xml
]]></output>
              </test-case>
            </test-suite>
          </test-suite>
        </test-suite>
      </test-suite>
    </test-suite>
  </test-suite>
</test-run>